<?xml version="1.0" encoding="UTF-8"?>
<!-- Generated by org.testng.reporters.JUnitReportReporter -->
<testsuite hostname="DESKTOP-O89G6D4" failures="0" tests="1" name="testcases.NavigateCommands" time="186.260" errors="0" timestamp="2023-07-10T08:09:33 IST" skipped="0">
  <testcase classname="testcases.NavigateCommands" name="navigateCommands" time="186.260"/>
  <system-out/>
</testsuite> <!-- testcases.NavigateCommands -->
