<?xml version="1.0" encoding="UTF-8"?>
<!-- Generated by org.testng.reporters.JUnitReportReporter -->
<testsuite hostname="DESKTOP-O89G6D4" failures="0" tests="1" name="intermediate.WebTables" time="4.794" errors="0" timestamp="2023-07-13T08:44:16 IST" skipped="0">
  <testcase classname="intermediate.WebTables" name="validateRowsCount" time="4.794"/>
  <system-out/>
</testsuite> <!-- intermediate.WebTables -->
