<?xml version="1.0" encoding="UTF-8"?>
<!-- Generated by org.testng.reporters.JUnitReportReporter -->
<testsuite hostname="DESKTOP-O89G6D4" failures="0" tests="2" name="advanced.DataDrivenTestUsingExcel" time="7.521" errors="0" timestamp="2023-07-20T08:56:13 IST" skipped="0">
  <testcase classname="advanced.DataDrivenTestUsingExcel" name="signupTest" time="4.412"/>
  <system-out/>
  <testcase classname="advanced.DataDrivenTestUsingExcel" name="signupTest" time="3.109"/>
  <system-out/>
</testsuite> <!-- advanced.DataDrivenTestUsingExcel -->
