<?xml version="1.0" encoding="UTF-8"?>
<!-- Generated by org.testng.reporters.JUnitReportReporter -->
<testsuite hostname="DESKTOP-O89G6D4" failures="0" tests="1" name="testcases.NavigateCommands" time="3.219" errors="0" timestamp="2023-07-07T07:33:59 IST" skipped="0">
  <testcase classname="testcases.NavigateCommands" name="navigateCommands" time="3.219"/>
  <system-out/>
</testsuite> <!-- testcases.NavigateCommands -->
