<?xml version="1.0" encoding="UTF-8"?>
<!-- Generated by org.testng.reporters.JUnitReportReporter -->
<testsuite hostname="DESKTOP-O89G6D4" failures="0" tests="1" name="testcases.SignupTest" time="1811.486" errors="0" timestamp="2023-07-07T08:52:42 IST" skipped="0">
  <testcase classname="testcases.SignupTest" name="passwordValidation" time="1811.486"/>
  <system-out/>
</testsuite> <!-- testcases.SignupTest -->
