<?xml version="1.0" encoding="UTF-8"?>
<!-- Generated by org.testng.reporters.JUnitReportReporter -->
<testsuite hostname="DESKTOP-O89G6D4" failures="0" tests="1" name="intermediate.SwitchToMethods" time="519.888" errors="0" timestamp="2023-07-14T08:51:03 IST" skipped="0">
  <testcase classname="intermediate.SwitchToMethods" name="switchToAlert" time="519.888"/>
  <system-out/>
</testsuite> <!-- intermediate.SwitchToMethods -->
