<?xml version="1.0" encoding="UTF-8"?>
<!-- Generated by org.testng.reporters.JUnitReportReporter -->
<testsuite hostname="DESKTOP-O89G6D4" failures="0" tests="1" name="basics.NavigateCommands" time="3.857" errors="0" timestamp="2023-07-19T09:14:23 IST" skipped="0">
  <testcase classname="basics.NavigateCommands" name="navigateCommands" time="3.857"/>
  <system-out/>
</testsuite> <!-- basics.NavigateCommands -->
