<?xml version="1.0" encoding="UTF-8"?>
<!-- Generated by org.testng.reporters.JUnitReportReporter -->
<testsuite hostname="DESKTOP-O89G6D4" failures="0" tests="1" name="testcases.WebElementCommands" time="0.906" errors="0" timestamp="2023-07-07T07:57:38 IST" skipped="0">
  <testcase classname="testcases.WebElementCommands" name="webElementCommands" time="0.906"/>
  <system-out/>
</testsuite> <!-- testcases.WebElementCommands -->
