<?xml version="1.0" encoding="UTF-8"?>
<!-- Generated by org.testng.reporters.JUnitReportReporter -->
<testsuite hostname="DESKTOP-O89G6D4" failures="0" tests="1" name="intermediate.ActionsClassMethods" time="17.098" errors="0" timestamp="2023-07-19T09:14:23 IST" skipped="0">
  <testcase classname="intermediate.ActionsClassMethods" name="actionClassMethods" time="17.098"/>
  <system-out/>
</testsuite> <!-- intermediate.ActionsClassMethods -->
