<?xml version="1.0" encoding="UTF-8"?>
<!-- Generated by org.testng.reporters.JUnitReportReporter -->
<testsuite hostname="DESKTOP-O89G6D4" failures="0" tests="1" name="testcases.WindowCommands" time="82659.195" errors="0" timestamp="2023-07-11T08:00:21 IST" skipped="0">
  <testcase classname="testcases.WindowCommands" name="windowCommands" time="82659.195"/>
  <system-out/>
</testsuite> <!-- testcases.WindowCommands -->
