<?xml version="1.0" encoding="UTF-8"?>
<!-- Generated by org.testng.reporters.JUnitReportReporter -->
<testsuite hostname="DESKTOP-O89G6D4" failures="0" tests="1" name="testcases.DriverCommands" time="69.183" errors="0" timestamp="2023-07-07T07:31:15 IST" skipped="0">
  <testcase classname="testcases.DriverCommands" name="driverCommands" time="69.183"/>
  <system-out/>
</testsuite> <!-- testcases.DriverCommands -->
