<?xml version="1.0" encoding="UTF-8"?>
<!-- Generated by org.testng.reporters.JUnitReportReporter -->
<testsuite hostname="DESKTOP-O89G6D4" failures="0" tests="2" name="testcases.Locators" time="1.955" errors="0" timestamp="2023-07-07T10:01:09 IST" skipped="0">
  <testcase classname="testcases.Locators" name="xpathFunctions" time="0.139"/>
  <system-out/>
  <testcase classname="testcases.Locators" name="fillForm" time="1.816"/>
  <system-out/>
</testsuite> <!-- testcases.Locators -->
