<?xml version="1.0" encoding="UTF-8"?>
<!-- Generated by org.testng.reporters.JUnitReportReporter -->
<testsuite hostname="DESKTOP-O89G6D4" failures="0" tests="1" name="testcases.TimeOutPractice" time="2.036" errors="0" timestamp="2023-07-11T08:24:40 IST" skipped="0">
  <testcase classname="testcases.TimeOutPractice" name="timeOutTests" time="2.036"/>
  <system-out/>
</testsuite> <!-- testcases.TimeOutPractice -->
