<?xml version="1.0" encoding="UTF-8"?>
<!-- Generated by org.testng.reporters.JUnitReportReporter -->
<testsuite hostname="DESKTOP-O89G6D4" failures="0" tests="1" name="intermediate.Synchronization" time="32.373" errors="0" timestamp="2023-07-14T08:59:50 IST" skipped="0">
  <testcase classname="intermediate.Synchronization" name="dropdown" time="32.373"/>
  <system-out/>
</testsuite> <!-- intermediate.Synchronization -->
