<?xml version="1.0" encoding="UTF-8"?>
<!-- Generated by org.testng.reporters.JUnitReportReporter -->
<testsuite hostname="DESKTOP-O89G6D4" failures="0" tests="1" name="intermediate.Dropdown" time="2.054" errors="0" timestamp="2023-07-19T09:14:23 IST" skipped="0">
  <testcase classname="intermediate.Dropdown" name="dropdown" time="2.054"/>
  <system-out/>
</testsuite> <!-- intermediate.Dropdown -->
