<?xml version="1.0" encoding="UTF-8"?>
<!-- Generated by org.testng.reporters.JUnitReportReporter -->
<testsuite hostname="DESKTOP-O89G6D4" failures="0" tests="2" name="basics.Locators" time="1.762" errors="0" timestamp="2023-07-19T09:14:23 IST" skipped="0">
  <testcase classname="basics.Locators" name="fillForm" time="1.394"/>
  <system-out/>
  <testcase classname="basics.Locators" name="xpathFunctions" time="0.368"/>
  <system-out/>
</testsuite> <!-- basics.Locators -->
